<?xml version="1.0" encoding="UTF-8"?>
<testng-results skipped="0" failed="1" total="1" passed="0">
  <reporter-output>
  </reporter-output>
  <suite name="Default suite" duration-ms="4098" started-at="2018-03-26T07:54:14Z" finished-at="2018-03-26T07:54:18Z">
    <groups>
    </groups>
    <test name="Default test" duration-ms="4098" started-at="2018-03-26T07:54:14Z" finished-at="2018-03-26T07:54:18Z">
      <class name="com.gateside.autotesting.generation.unittest.DoubiPayTestCase">
        <test-method status="PASS" signature="beforeTestMethod()[pri:0, instance:com.gateside.autotesting.generation.unittest.DoubiPayTestCase@6eebc39e]" name="beforeTestMethod" is-config="true" duration-ms="7" started-at="2018-03-26T15:54:14Z" finished-at="2018-03-26T15:54:14Z">
          <reporter-output>
          </reporter-output>
        </test-method> <!-- beforeTestMethod -->
        <test-method status="FAIL" signature="nihao()[pri:0, instance:com.gateside.autotesting.generation.unittest.DoubiPayTestCase@6eebc39e]" name="nihao" duration-ms="4047" started-at="2018-03-26T15:54:14Z" finished-at="2018-03-26T15:54:18Z">
          <exception class="java.lang.reflect.InvocationTargetException">
            <full-stacktrace>
              <![CDATA[java.lang.reflect.InvocationTargetException
	at sun.reflect.NativeMethodAccessorImpl.invoke0(Native Method)
	at sun.reflect.NativeMethodAccessorImpl.invoke(NativeMethodAccessorImpl.java:62)
	at sun.reflect.DelegatingMethodAccessorImpl.invoke(DelegatingMethodAccessorImpl.java:43)
	at java.lang.reflect.Method.invoke(Method.java:498)
	at com.gateside.autotesting.Gat.executor.WebUIStepsExecutor.invokeMethod(WebUIStepsExecutor.java:179)
	at com.gateside.autotesting.Gat.executor.WebUIStepsExecutor.executeCase(WebUIStepsExecutor.java:80)
	at com.gateside.autotesting.Gat.executor.CaseExecutor.execute(CaseExecutor.java:33)
	at com.gateside.autotesting.generation.unittest.DoubiPayTestCase.nihao(DoubiPayTestCase.java:25)
	at sun.reflect.NativeMethodAccessorImpl.invoke0(Native Method)
	at sun.reflect.NativeMethodAccessorImpl.invoke(NativeMethodAccessorImpl.java:62)
	at sun.reflect.DelegatingMethodAccessorImpl.invoke(DelegatingMethodAccessorImpl.java:43)
	at java.lang.reflect.Method.invoke(Method.java:498)
	at org.testng.internal.MethodInvocationHelper.invokeMethod(MethodInvocationHelper.java:85)
	at org.testng.internal.Invoker.invokeMethod(Invoker.java:659)
	at org.testng.internal.Invoker.invokeTestMethod(Invoker.java:845)
	at org.testng.internal.Invoker.invokeTestMethods(Invoker.java:1153)
	at org.testng.internal.TestMethodWorker.invokeTestMethods(TestMethodWorker.java:125)
	at org.testng.internal.TestMethodWorker.run(TestMethodWorker.java:108)
	at org.testng.TestRunner.privateRun(TestRunner.java:771)
	at org.testng.TestRunner.run(TestRunner.java:621)
	at org.testng.SuiteRunner.runTest(SuiteRunner.java:357)
	at org.testng.SuiteRunner.runSequentially(SuiteRunner.java:352)
	at org.testng.SuiteRunner.privateRun(SuiteRunner.java:310)
	at org.testng.SuiteRunner.run(SuiteRunner.java:259)
	at org.testng.SuiteRunnerWorker.runSuite(SuiteRunnerWorker.java:52)
	at org.testng.SuiteRunnerWorker.run(SuiteRunnerWorker.java:86)
	at org.testng.TestNG.runSuitesSequentially(TestNG.java:1199)
	at org.testng.TestNG.runSuitesLocally(TestNG.java:1124)
	at org.testng.TestNG.run(TestNG.java:1032)
	at org.testng.remote.AbstractRemoteTestNG.run(AbstractRemoteTestNG.java:132)
	at org.testng.remote.RemoteTestNG.initAndRun(RemoteTestNG.java:230)
	at org.testng.remote.RemoteTestNG.main(RemoteTestNG.java:76)
Caused by: java.lang.AssertionError: expected [true] but found [false]
	at org.testng.Assert.fail(Assert.java:94)
	at org.testng.Assert.failNotEquals(Assert.java:496)
	at org.testng.Assert.assertTrue(Assert.java:42)
	at org.testng.Assert.assertTrue(Assert.java:52)
	at com.gateside.autotesting.wuat.steps.demo.GameHomePageSteps.login(GameHomePageSteps.java:30)
	... 32 more
]]>
            </full-stacktrace>
          </exception> <!-- java.lang.reflect.InvocationTargetException -->
          <reporter-output>
          </reporter-output>
        </test-method> <!-- nihao -->
        <test-method status="PASS" signature="beforeMethod()[pri:0, instance:com.gateside.autotesting.generation.unittest.DoubiPayTestCase@6eebc39e]" name="beforeMethod" is-config="true" duration-ms="0" started-at="2018-03-26T15:54:14Z" finished-at="2018-03-26T15:54:14Z">
          <reporter-output>
          </reporter-output>
        </test-method> <!-- beforeMethod -->
        <test-method status="PASS" signature="afterMethod()[pri:0, instance:com.gateside.autotesting.generation.unittest.DoubiPayTestCase@6eebc39e]" name="afterMethod" is-config="true" duration-ms="17" started-at="2018-03-26T15:54:18Z" finished-at="2018-03-26T15:54:18Z">
          <reporter-output>
          </reporter-output>
        </test-method> <!-- afterMethod -->
        <test-method status="PASS" signature="afterClassMethod()[pri:0, instance:com.gateside.autotesting.generation.unittest.DoubiPayTestCase@6eebc39e]" name="afterClassMethod" is-config="true" duration-ms="2" started-at="2018-03-26T15:54:18Z" finished-at="2018-03-26T15:54:18Z">
          <reporter-output>
          </reporter-output>
        </test-method> <!-- afterClassMethod -->
      </class> <!-- com.gateside.autotesting.generation.unittest.DoubiPayTestCase -->
    </test> <!-- Default test -->
  </suite> <!-- Default suite -->
</testng-results>
