<?xml version="1.0" encoding="UTF-8"?>
<!-- Generated by org.testng.reporters.JUnitXMLReporter -->
<testsuite hostname="ethans-MacBook-Pro.local" name="Test" tests="15" failures="15" timestamp="23 Jun 2017 04:17:27 GMT" time="17.412" errors="0">
  <testcase name="TestAndroidParametersLegal" time="3.537" classname="com.gateside.autotesting.generation.unittest.Video_videoList">
    <failure type="javax.net.ssl.SSLHandshakeException" message="java.security.cert.CertificateException: No subject alternative DNS name matching www.demo.com found.">
      <![CDATA[javax.net.ssl.SSLHandshakeException: java.security.cert.CertificateException: No subject alternative DNS name matching www.demo.com found.
	at sun.net.www.protocol.http.HttpURLConnection$10.run(HttpURLConnection.java:1926)
	at sun.net.www.protocol.http.HttpURLConnection$10.run(HttpURLConnection.java:1921)
	at java.security.AccessController.doPrivileged(Native Method)
	at sun.net.www.protocol.http.HttpURLConnection.getChainedException(HttpURLConnection.java:1920)
	at sun.net.www.protocol.http.HttpURLConnection.getInputStream0(HttpURLConnection.java:1490)
	at sun.net.www.protocol.http.HttpURLConnection.getInputStream(HttpURLConnection.java:1474)
	at java.net.HttpURLConnection.getResponseCode(HttpURLConnection.java:480)
	at sun.net.www.protocol.https.HttpsURLConnectionImpl.getResponseCode(HttpsURLConnectionImpl.java:338)
	at com.meterware.httpunit.HttpWebResponse.readResponseHeader(HttpWebResponse.java:201)
	at com.meterware.httpunit.HttpWebResponse.readHeaders(HttpWebResponse.java:239)
	at com.meterware.httpunit.HttpWebResponse.<init>(HttpWebResponse.java:57)
	at com.meterware.httpunit.HttpWebResponse.<init>(HttpWebResponse.java:68)
	at com.meterware.httpunit.WebConversation.newResponse(WebConversation.java:83)
	at com.meterware.httpunit.WebClient.createResponse(WebClient.java:647)
	at com.meterware.httpunit.WebWindow.getResource(WebWindow.java:220)
	at com.meterware.httpunit.WebWindow.getSubframeResponse(WebWindow.java:181)
	at com.meterware.httpunit.WebWindow.getResponse(WebWindow.java:158)
	at com.meterware.httpunit.WebWindow.updateWindow(WebWindow.java:199)
	at com.meterware.httpunit.WebWindow.getSubframeResponse(WebWindow.java:183)
	at com.meterware.httpunit.WebWindow.getResponse(WebWindow.java:158)
	at com.meterware.httpunit.WebClient.getResponse(WebClient.java:122)
	at com.gateside.autotesting.Gat.executor.InterfaceSingleStepExecutor.getResponse(InterfaceSingleStepExecutor.java:160)
	at com.gateside.autotesting.Gat.executor.InterfaceSingleStepExecutor.executeCase(InterfaceSingleStepExecutor.java:58)
	at com.gateside.autotesting.Gat.executor.CaseExecutor.execute(CaseExecutor.java:33)
	at com.gateside.autotesting.generation.unittest.Video_videoList.TestAndroidParametersLegal(Video_videoList.java:26)
Caused by: javax.net.ssl.SSLHandshakeException: java.security.cert.CertificateException: No subject alternative DNS name matching www.demo.com found.
	at sun.security.ssl.Alerts.getSSLException(Alerts.java:192)
	at sun.security.ssl.SSLSocketImpl.fatal(SSLSocketImpl.java:1949)
	at sun.security.ssl.Handshaker.fatalSE(Handshaker.java:302)
	at sun.security.ssl.Handshaker.fatalSE(Handshaker.java:296)
	at sun.security.ssl.ClientHandshaker.serverCertificate(ClientHandshaker.java:1509)
	at sun.security.ssl.ClientHandshaker.processMessage(ClientHandshaker.java:216)
	at sun.security.ssl.Handshaker.processLoop(Handshaker.java:979)
	at sun.security.ssl.Handshaker.process_record(Handshaker.java:914)
	at sun.security.ssl.SSLSocketImpl.readRecord(SSLSocketImpl.java:1062)
	at sun.security.ssl.SSLSocketImpl.performInitialHandshake(SSLSocketImpl.java:1375)
	at sun.security.ssl.SSLSocketImpl.startHandshake(SSLSocketImpl.java:1403)
	at sun.security.ssl.SSLSocketImpl.startHandshake(SSLSocketImpl.java:1387)
	at sun.net.www.protocol.https.HttpsClient.afterConnect(HttpsClient.java:559)
	at sun.net.www.protocol.https.AbstractDelegateHttpsURLConnection.connect(AbstractDelegateHttpsURLConnection.java:185)
	at sun.net.www.protocol.http.HttpURLConnection.getInputStream0(HttpURLConnection.java:1546)
	at sun.net.www.protocol.http.HttpURLConnection.getInputStream(HttpURLConnection.java:1474)
	at sun.net.www.protocol.http.HttpURLConnection.getHeaderFieldKey(HttpURLConnection.java:3035)
	at sun.net.www.protocol.https.HttpsURLConnectionImpl.getHeaderFieldKey(HttpsURLConnectionImpl.java:307)
	at com.meterware.httpunit.HttpWebResponse.loadHeaders(HttpWebResponse.java:255)
	at com.meterware.httpunit.HttpWebResponse.readHeaders(HttpWebResponse.java:237)
	... 39 more
Caused by: java.security.cert.CertificateException: No subject alternative DNS name matching www.demo.com found.
	at sun.security.util.HostnameChecker.matchDNS(HostnameChecker.java:204)
	at sun.security.util.HostnameChecker.match(HostnameChecker.java:95)
	at sun.security.ssl.X509TrustManagerImpl.checkIdentity(X509TrustManagerImpl.java:455)
	at sun.security.ssl.X509TrustManagerImpl.checkIdentity(X509TrustManagerImpl.java:436)
	at sun.security.ssl.X509TrustManagerImpl.checkTrusted(X509TrustManagerImpl.java:200)
	at sun.security.ssl.X509TrustManagerImpl.checkServerTrusted(X509TrustManagerImpl.java:124)
	at sun.security.ssl.ClientHandshaker.serverCertificate(ClientHandshaker.java:1491)
	... 54 more
... Removed 28 stack frames]]>
    </failure>
  </testcase> <!-- TestAndroidParametersLegal -->
  <testcase name="TestAppVersion09" time="1.111" classname="com.gateside.autotesting.generation.unittest.Video_videoList">
    <failure type="javax.net.ssl.SSLHandshakeException" message="java.security.cert.CertificateException: No subject alternative DNS name matching www.demo.com found.">
      <![CDATA[javax.net.ssl.SSLHandshakeException: java.security.cert.CertificateException: No subject alternative DNS name matching www.demo.com found.
	at sun.net.www.protocol.http.HttpURLConnection$10.run(HttpURLConnection.java:1926)
	at sun.net.www.protocol.http.HttpURLConnection$10.run(HttpURLConnection.java:1921)
	at java.security.AccessController.doPrivileged(Native Method)
	at sun.net.www.protocol.http.HttpURLConnection.getChainedException(HttpURLConnection.java:1920)
	at sun.net.www.protocol.http.HttpURLConnection.getInputStream0(HttpURLConnection.java:1490)
	at sun.net.www.protocol.http.HttpURLConnection.getInputStream(HttpURLConnection.java:1474)
	at java.net.HttpURLConnection.getResponseCode(HttpURLConnection.java:480)
	at sun.net.www.protocol.https.HttpsURLConnectionImpl.getResponseCode(HttpsURLConnectionImpl.java:338)
	at com.meterware.httpunit.HttpWebResponse.readResponseHeader(HttpWebResponse.java:201)
	at com.meterware.httpunit.HttpWebResponse.readHeaders(HttpWebResponse.java:239)
	at com.meterware.httpunit.HttpWebResponse.<init>(HttpWebResponse.java:57)
	at com.meterware.httpunit.HttpWebResponse.<init>(HttpWebResponse.java:68)
	at com.meterware.httpunit.WebConversation.newResponse(WebConversation.java:83)
	at com.meterware.httpunit.WebClient.createResponse(WebClient.java:647)
	at com.meterware.httpunit.WebWindow.getResource(WebWindow.java:220)
	at com.meterware.httpunit.WebWindow.getSubframeResponse(WebWindow.java:181)
	at com.meterware.httpunit.WebWindow.getResponse(WebWindow.java:158)
	at com.meterware.httpunit.WebWindow.updateWindow(WebWindow.java:199)
	at com.meterware.httpunit.WebWindow.getSubframeResponse(WebWindow.java:183)
	at com.meterware.httpunit.WebWindow.getResponse(WebWindow.java:158)
	at com.meterware.httpunit.WebClient.getResponse(WebClient.java:122)
	at com.gateside.autotesting.Gat.executor.InterfaceSingleStepExecutor.getResponse(InterfaceSingleStepExecutor.java:160)
	at com.gateside.autotesting.Gat.executor.InterfaceSingleStepExecutor.executeCase(InterfaceSingleStepExecutor.java:58)
	at com.gateside.autotesting.Gat.executor.CaseExecutor.execute(CaseExecutor.java:33)
	at com.gateside.autotesting.generation.unittest.Video_videoList.TestAppVersion09(Video_videoList.java:74)
Caused by: javax.net.ssl.SSLHandshakeException: java.security.cert.CertificateException: No subject alternative DNS name matching www.demo.com found.
	at sun.security.ssl.Alerts.getSSLException(Alerts.java:192)
	at sun.security.ssl.SSLSocketImpl.fatal(SSLSocketImpl.java:1949)
	at sun.security.ssl.Handshaker.fatalSE(Handshaker.java:302)
	at sun.security.ssl.Handshaker.fatalSE(Handshaker.java:296)
	at sun.security.ssl.ClientHandshaker.serverCertificate(ClientHandshaker.java:1509)
	at sun.security.ssl.ClientHandshaker.processMessage(ClientHandshaker.java:216)
	at sun.security.ssl.Handshaker.processLoop(Handshaker.java:979)
	at sun.security.ssl.Handshaker.process_record(Handshaker.java:914)
	at sun.security.ssl.SSLSocketImpl.readRecord(SSLSocketImpl.java:1062)
	at sun.security.ssl.SSLSocketImpl.performInitialHandshake(SSLSocketImpl.java:1375)
	at sun.security.ssl.SSLSocketImpl.startHandshake(SSLSocketImpl.java:1403)
	at sun.security.ssl.SSLSocketImpl.startHandshake(SSLSocketImpl.java:1387)
	at sun.net.www.protocol.https.HttpsClient.afterConnect(HttpsClient.java:559)
	at sun.net.www.protocol.https.AbstractDelegateHttpsURLConnection.connect(AbstractDelegateHttpsURLConnection.java:185)
	at sun.net.www.protocol.http.HttpURLConnection.getInputStream0(HttpURLConnection.java:1546)
	at sun.net.www.protocol.http.HttpURLConnection.getInputStream(HttpURLConnection.java:1474)
	at sun.net.www.protocol.http.HttpURLConnection.getHeaderFieldKey(HttpURLConnection.java:3035)
	at sun.net.www.protocol.https.HttpsURLConnectionImpl.getHeaderFieldKey(HttpsURLConnectionImpl.java:307)
	at com.meterware.httpunit.HttpWebResponse.loadHeaders(HttpWebResponse.java:255)
	at com.meterware.httpunit.HttpWebResponse.readHeaders(HttpWebResponse.java:237)
	... 39 more
Caused by: java.security.cert.CertificateException: No subject alternative DNS name matching www.demo.com found.
	at sun.security.util.HostnameChecker.matchDNS(HostnameChecker.java:204)
	at sun.security.util.HostnameChecker.match(HostnameChecker.java:95)
	at sun.security.ssl.X509TrustManagerImpl.checkIdentity(X509TrustManagerImpl.java:455)
	at sun.security.ssl.X509TrustManagerImpl.checkIdentity(X509TrustManagerImpl.java:436)
	at sun.security.ssl.X509TrustManagerImpl.checkTrusted(X509TrustManagerImpl.java:200)
	at sun.security.ssl.X509TrustManagerImpl.checkServerTrusted(X509TrustManagerImpl.java:124)
	at sun.security.ssl.ClientHandshaker.serverCertificate(ClientHandshaker.java:1491)
	... 54 more
... Removed 28 stack frames]]>
    </failure>
  </testcase> <!-- TestAppVersion09 -->
  <testcase name="TestIosOsVersion50" time="1.04" classname="com.gateside.autotesting.generation.unittest.Video_videoList">
    <failure type="javax.net.ssl.SSLHandshakeException" message="java.security.cert.CertificateException: No subject alternative DNS name matching www.demo.com found.">
      <![CDATA[javax.net.ssl.SSLHandshakeException: java.security.cert.CertificateException: No subject alternative DNS name matching www.demo.com found.
	at sun.net.www.protocol.http.HttpURLConnection$10.run(HttpURLConnection.java:1926)
	at sun.net.www.protocol.http.HttpURLConnection$10.run(HttpURLConnection.java:1921)
	at java.security.AccessController.doPrivileged(Native Method)
	at sun.net.www.protocol.http.HttpURLConnection.getChainedException(HttpURLConnection.java:1920)
	at sun.net.www.protocol.http.HttpURLConnection.getInputStream0(HttpURLConnection.java:1490)
	at sun.net.www.protocol.http.HttpURLConnection.getInputStream(HttpURLConnection.java:1474)
	at java.net.HttpURLConnection.getResponseCode(HttpURLConnection.java:480)
	at sun.net.www.protocol.https.HttpsURLConnectionImpl.getResponseCode(HttpsURLConnectionImpl.java:338)
	at com.meterware.httpunit.HttpWebResponse.readResponseHeader(HttpWebResponse.java:201)
	at com.meterware.httpunit.HttpWebResponse.readHeaders(HttpWebResponse.java:239)
	at com.meterware.httpunit.HttpWebResponse.<init>(HttpWebResponse.java:57)
	at com.meterware.httpunit.HttpWebResponse.<init>(HttpWebResponse.java:68)
	at com.meterware.httpunit.WebConversation.newResponse(WebConversation.java:83)
	at com.meterware.httpunit.WebClient.createResponse(WebClient.java:647)
	at com.meterware.httpunit.WebWindow.getResource(WebWindow.java:220)
	at com.meterware.httpunit.WebWindow.getSubframeResponse(WebWindow.java:181)
	at com.meterware.httpunit.WebWindow.getResponse(WebWindow.java:158)
	at com.meterware.httpunit.WebWindow.updateWindow(WebWindow.java:199)
	at com.meterware.httpunit.WebWindow.getSubframeResponse(WebWindow.java:183)
	at com.meterware.httpunit.WebWindow.getResponse(WebWindow.java:158)
	at com.meterware.httpunit.WebClient.getResponse(WebClient.java:122)
	at com.gateside.autotesting.Gat.executor.InterfaceSingleStepExecutor.getResponse(InterfaceSingleStepExecutor.java:160)
	at com.gateside.autotesting.Gat.executor.InterfaceSingleStepExecutor.executeCase(InterfaceSingleStepExecutor.java:58)
	at com.gateside.autotesting.Gat.executor.CaseExecutor.execute(CaseExecutor.java:33)
	at com.gateside.autotesting.generation.unittest.Video_videoList.TestIosOsVersion50(Video_videoList.java:80)
Caused by: javax.net.ssl.SSLHandshakeException: java.security.cert.CertificateException: No subject alternative DNS name matching www.demo.com found.
	at sun.security.ssl.Alerts.getSSLException(Alerts.java:192)
	at sun.security.ssl.SSLSocketImpl.fatal(SSLSocketImpl.java:1949)
	at sun.security.ssl.Handshaker.fatalSE(Handshaker.java:302)
	at sun.security.ssl.Handshaker.fatalSE(Handshaker.java:296)
	at sun.security.ssl.ClientHandshaker.serverCertificate(ClientHandshaker.java:1509)
	at sun.security.ssl.ClientHandshaker.processMessage(ClientHandshaker.java:216)
	at sun.security.ssl.Handshaker.processLoop(Handshaker.java:979)
	at sun.security.ssl.Handshaker.process_record(Handshaker.java:914)
	at sun.security.ssl.SSLSocketImpl.readRecord(SSLSocketImpl.java:1062)
	at sun.security.ssl.SSLSocketImpl.performInitialHandshake(SSLSocketImpl.java:1375)
	at sun.security.ssl.SSLSocketImpl.startHandshake(SSLSocketImpl.java:1403)
	at sun.security.ssl.SSLSocketImpl.startHandshake(SSLSocketImpl.java:1387)
	at sun.net.www.protocol.https.HttpsClient.afterConnect(HttpsClient.java:559)
	at sun.net.www.protocol.https.AbstractDelegateHttpsURLConnection.connect(AbstractDelegateHttpsURLConnection.java:185)
	at sun.net.www.protocol.http.HttpURLConnection.getInputStream0(HttpURLConnection.java:1546)
	at sun.net.www.protocol.http.HttpURLConnection.getInputStream(HttpURLConnection.java:1474)
	at sun.net.www.protocol.http.HttpURLConnection.getHeaderFieldKey(HttpURLConnection.java:3035)
	at sun.net.www.protocol.https.HttpsURLConnectionImpl.getHeaderFieldKey(HttpsURLConnectionImpl.java:307)
	at com.meterware.httpunit.HttpWebResponse.loadHeaders(HttpWebResponse.java:255)
	at com.meterware.httpunit.HttpWebResponse.readHeaders(HttpWebResponse.java:237)
	... 39 more
Caused by: java.security.cert.CertificateException: No subject alternative DNS name matching www.demo.com found.
	at sun.security.util.HostnameChecker.matchDNS(HostnameChecker.java:204)
	at sun.security.util.HostnameChecker.match(HostnameChecker.java:95)
	at sun.security.ssl.X509TrustManagerImpl.checkIdentity(X509TrustManagerImpl.java:455)
	at sun.security.ssl.X509TrustManagerImpl.checkIdentity(X509TrustManagerImpl.java:436)
	at sun.security.ssl.X509TrustManagerImpl.checkTrusted(X509TrustManagerImpl.java:200)
	at sun.security.ssl.X509TrustManagerImpl.checkServerTrusted(X509TrustManagerImpl.java:124)
	at sun.security.ssl.ClientHandshaker.serverCertificate(ClientHandshaker.java:1491)
	... 54 more
... Removed 28 stack frames]]>
    </failure>
  </testcase> <!-- TestIosOsVersion50 -->
  <testcase name="TestOptionalParametersLegalFirstId" time="1.75" classname="com.gateside.autotesting.generation.unittest.Video_videoList">
    <failure type="javax.net.ssl.SSLHandshakeException" message="java.security.cert.CertificateException: No subject alternative DNS name matching www.demo.com found.">
      <![CDATA[javax.net.ssl.SSLHandshakeException: java.security.cert.CertificateException: No subject alternative DNS name matching www.demo.com found.
	at sun.net.www.protocol.http.HttpURLConnection$10.run(HttpURLConnection.java:1926)
	at sun.net.www.protocol.http.HttpURLConnection$10.run(HttpURLConnection.java:1921)
	at java.security.AccessController.doPrivileged(Native Method)
	at sun.net.www.protocol.http.HttpURLConnection.getChainedException(HttpURLConnection.java:1920)
	at sun.net.www.protocol.http.HttpURLConnection.getInputStream0(HttpURLConnection.java:1490)
	at sun.net.www.protocol.http.HttpURLConnection.getInputStream(HttpURLConnection.java:1474)
	at java.net.HttpURLConnection.getResponseCode(HttpURLConnection.java:480)
	at sun.net.www.protocol.https.HttpsURLConnectionImpl.getResponseCode(HttpsURLConnectionImpl.java:338)
	at com.meterware.httpunit.HttpWebResponse.readResponseHeader(HttpWebResponse.java:201)
	at com.meterware.httpunit.HttpWebResponse.readHeaders(HttpWebResponse.java:239)
	at com.meterware.httpunit.HttpWebResponse.<init>(HttpWebResponse.java:57)
	at com.meterware.httpunit.HttpWebResponse.<init>(HttpWebResponse.java:68)
	at com.meterware.httpunit.WebConversation.newResponse(WebConversation.java:83)
	at com.meterware.httpunit.WebClient.createResponse(WebClient.java:647)
	at com.meterware.httpunit.WebWindow.getResource(WebWindow.java:220)
	at com.meterware.httpunit.WebWindow.getSubframeResponse(WebWindow.java:181)
	at com.meterware.httpunit.WebWindow.getResponse(WebWindow.java:158)
	at com.meterware.httpunit.WebWindow.updateWindow(WebWindow.java:199)
	at com.meterware.httpunit.WebWindow.getSubframeResponse(WebWindow.java:183)
	at com.meterware.httpunit.WebWindow.getResponse(WebWindow.java:158)
	at com.meterware.httpunit.WebClient.getResponse(WebClient.java:122)
	at com.gateside.autotesting.Gat.executor.InterfaceSingleStepExecutor.getResponse(InterfaceSingleStepExecutor.java:160)
	at com.gateside.autotesting.Gat.executor.InterfaceSingleStepExecutor.executeCase(InterfaceSingleStepExecutor.java:58)
	at com.gateside.autotesting.Gat.executor.CaseExecutor.execute(CaseExecutor.java:33)
	at com.gateside.autotesting.generation.unittest.Video_videoList.TestOptionalParametersLegalFirstId(Video_videoList.java:32)
Caused by: javax.net.ssl.SSLHandshakeException: java.security.cert.CertificateException: No subject alternative DNS name matching www.demo.com found.
	at sun.security.ssl.Alerts.getSSLException(Alerts.java:192)
	at sun.security.ssl.SSLSocketImpl.fatal(SSLSocketImpl.java:1949)
	at sun.security.ssl.Handshaker.fatalSE(Handshaker.java:302)
	at sun.security.ssl.Handshaker.fatalSE(Handshaker.java:296)
	at sun.security.ssl.ClientHandshaker.serverCertificate(ClientHandshaker.java:1509)
	at sun.security.ssl.ClientHandshaker.processMessage(ClientHandshaker.java:216)
	at sun.security.ssl.Handshaker.processLoop(Handshaker.java:979)
	at sun.security.ssl.Handshaker.process_record(Handshaker.java:914)
	at sun.security.ssl.SSLSocketImpl.readRecord(SSLSocketImpl.java:1062)
	at sun.security.ssl.SSLSocketImpl.performInitialHandshake(SSLSocketImpl.java:1375)
	at sun.security.ssl.SSLSocketImpl.startHandshake(SSLSocketImpl.java:1403)
	at sun.security.ssl.SSLSocketImpl.startHandshake(SSLSocketImpl.java:1387)
	at sun.net.www.protocol.https.HttpsClient.afterConnect(HttpsClient.java:559)
	at sun.net.www.protocol.https.AbstractDelegateHttpsURLConnection.connect(AbstractDelegateHttpsURLConnection.java:185)
	at sun.net.www.protocol.http.HttpURLConnection.getInputStream0(HttpURLConnection.java:1546)
	at sun.net.www.protocol.http.HttpURLConnection.getInputStream(HttpURLConnection.java:1474)
	at sun.net.www.protocol.http.HttpURLConnection.getHeaderFieldKey(HttpURLConnection.java:3035)
	at sun.net.www.protocol.https.HttpsURLConnectionImpl.getHeaderFieldKey(HttpsURLConnectionImpl.java:307)
	at com.meterware.httpunit.HttpWebResponse.loadHeaders(HttpWebResponse.java:255)
	at com.meterware.httpunit.HttpWebResponse.readHeaders(HttpWebResponse.java:237)
	... 39 more
Caused by: java.security.cert.CertificateException: No subject alternative DNS name matching www.demo.com found.
	at sun.security.util.HostnameChecker.matchDNS(HostnameChecker.java:204)
	at sun.security.util.HostnameChecker.match(HostnameChecker.java:95)
	at sun.security.ssl.X509TrustManagerImpl.checkIdentity(X509TrustManagerImpl.java:455)
	at sun.security.ssl.X509TrustManagerImpl.checkIdentity(X509TrustManagerImpl.java:436)
	at sun.security.ssl.X509TrustManagerImpl.checkTrusted(X509TrustManagerImpl.java:200)
	at sun.security.ssl.X509TrustManagerImpl.checkServerTrusted(X509TrustManagerImpl.java:124)
	at sun.security.ssl.ClientHandshaker.serverCertificate(ClientHandshaker.java:1491)
	... 54 more
... Removed 28 stack frames]]>
    </failure>
  </testcase> <!-- TestOptionalParametersLegalFirstId -->
  <testcase name="TestOptionalParametersOffsetLastId" time="1.145" classname="com.gateside.autotesting.generation.unittest.Video_videoList">
    <failure type="javax.net.ssl.SSLHandshakeException" message="java.security.cert.CertificateException: No subject alternative DNS name matching www.demo.com found.">
      <![CDATA[javax.net.ssl.SSLHandshakeException: java.security.cert.CertificateException: No subject alternative DNS name matching www.demo.com found.
	at sun.net.www.protocol.http.HttpURLConnection$10.run(HttpURLConnection.java:1926)
	at sun.net.www.protocol.http.HttpURLConnection$10.run(HttpURLConnection.java:1921)
	at java.security.AccessController.doPrivileged(Native Method)
	at sun.net.www.protocol.http.HttpURLConnection.getChainedException(HttpURLConnection.java:1920)
	at sun.net.www.protocol.http.HttpURLConnection.getInputStream0(HttpURLConnection.java:1490)
	at sun.net.www.protocol.http.HttpURLConnection.getInputStream(HttpURLConnection.java:1474)
	at java.net.HttpURLConnection.getResponseCode(HttpURLConnection.java:480)
	at sun.net.www.protocol.https.HttpsURLConnectionImpl.getResponseCode(HttpsURLConnectionImpl.java:338)
	at com.meterware.httpunit.HttpWebResponse.readResponseHeader(HttpWebResponse.java:201)
	at com.meterware.httpunit.HttpWebResponse.readHeaders(HttpWebResponse.java:239)
	at com.meterware.httpunit.HttpWebResponse.<init>(HttpWebResponse.java:57)
	at com.meterware.httpunit.HttpWebResponse.<init>(HttpWebResponse.java:68)
	at com.meterware.httpunit.WebConversation.newResponse(WebConversation.java:83)
	at com.meterware.httpunit.WebClient.createResponse(WebClient.java:647)
	at com.meterware.httpunit.WebWindow.getResource(WebWindow.java:220)
	at com.meterware.httpunit.WebWindow.getSubframeResponse(WebWindow.java:181)
	at com.meterware.httpunit.WebWindow.getResponse(WebWindow.java:158)
	at com.meterware.httpunit.WebWindow.updateWindow(WebWindow.java:199)
	at com.meterware.httpunit.WebWindow.getSubframeResponse(WebWindow.java:183)
	at com.meterware.httpunit.WebWindow.getResponse(WebWindow.java:158)
	at com.meterware.httpunit.WebClient.getResponse(WebClient.java:122)
	at com.gateside.autotesting.Gat.executor.InterfaceSingleStepExecutor.getResponse(InterfaceSingleStepExecutor.java:160)
	at com.gateside.autotesting.Gat.executor.InterfaceSingleStepExecutor.executeCase(InterfaceSingleStepExecutor.java:58)
	at com.gateside.autotesting.Gat.executor.CaseExecutor.execute(CaseExecutor.java:33)
	at com.gateside.autotesting.generation.unittest.Video_videoList.TestOptionalParametersOffsetLastId(Video_videoList.java:62)
Caused by: javax.net.ssl.SSLHandshakeException: java.security.cert.CertificateException: No subject alternative DNS name matching www.demo.com found.
	at sun.security.ssl.Alerts.getSSLException(Alerts.java:192)
	at sun.security.ssl.SSLSocketImpl.fatal(SSLSocketImpl.java:1949)
	at sun.security.ssl.Handshaker.fatalSE(Handshaker.java:302)
	at sun.security.ssl.Handshaker.fatalSE(Handshaker.java:296)
	at sun.security.ssl.ClientHandshaker.serverCertificate(ClientHandshaker.java:1509)
	at sun.security.ssl.ClientHandshaker.processMessage(ClientHandshaker.java:216)
	at sun.security.ssl.Handshaker.processLoop(Handshaker.java:979)
	at sun.security.ssl.Handshaker.process_record(Handshaker.java:914)
	at sun.security.ssl.SSLSocketImpl.readRecord(SSLSocketImpl.java:1062)
	at sun.security.ssl.SSLSocketImpl.performInitialHandshake(SSLSocketImpl.java:1375)
	at sun.security.ssl.SSLSocketImpl.startHandshake(SSLSocketImpl.java:1403)
	at sun.security.ssl.SSLSocketImpl.startHandshake(SSLSocketImpl.java:1387)
	at sun.net.www.protocol.https.HttpsClient.afterConnect(HttpsClient.java:559)
	at sun.net.www.protocol.https.AbstractDelegateHttpsURLConnection.connect(AbstractDelegateHttpsURLConnection.java:185)
	at sun.net.www.protocol.http.HttpURLConnection.getInputStream0(HttpURLConnection.java:1546)
	at sun.net.www.protocol.http.HttpURLConnection.getInputStream(HttpURLConnection.java:1474)
	at sun.net.www.protocol.http.HttpURLConnection.getHeaderFieldKey(HttpURLConnection.java:3035)
	at sun.net.www.protocol.https.HttpsURLConnectionImpl.getHeaderFieldKey(HttpsURLConnectionImpl.java:307)
	at com.meterware.httpunit.HttpWebResponse.loadHeaders(HttpWebResponse.java:255)
	at com.meterware.httpunit.HttpWebResponse.readHeaders(HttpWebResponse.java:237)
	... 39 more
Caused by: java.security.cert.CertificateException: No subject alternative DNS name matching www.demo.com found.
	at sun.security.util.HostnameChecker.matchDNS(HostnameChecker.java:204)
	at sun.security.util.HostnameChecker.match(HostnameChecker.java:95)
	at sun.security.ssl.X509TrustManagerImpl.checkIdentity(X509TrustManagerImpl.java:455)
	at sun.security.ssl.X509TrustManagerImpl.checkIdentity(X509TrustManagerImpl.java:436)
	at sun.security.ssl.X509TrustManagerImpl.checkTrusted(X509TrustManagerImpl.java:200)
	at sun.security.ssl.X509TrustManagerImpl.checkServerTrusted(X509TrustManagerImpl.java:124)
	at sun.security.ssl.ClientHandshaker.serverCertificate(ClientHandshaker.java:1491)
	... 54 more
... Removed 27 stack frames]]>
    </failure>
  </testcase> <!-- TestOptionalParametersOffsetLastId -->
  <testcase name="TestOptionalParametersOffsetMidId" time="0.954" classname="com.gateside.autotesting.generation.unittest.Video_videoList">
    <failure type="javax.net.ssl.SSLHandshakeException" message="java.security.cert.CertificateException: No subject alternative DNS name matching www.demo.com found.">
      <![CDATA[javax.net.ssl.SSLHandshakeException: java.security.cert.CertificateException: No subject alternative DNS name matching www.demo.com found.
	at sun.net.www.protocol.http.HttpURLConnection$10.run(HttpURLConnection.java:1926)
	at sun.net.www.protocol.http.HttpURLConnection$10.run(HttpURLConnection.java:1921)
	at java.security.AccessController.doPrivileged(Native Method)
	at sun.net.www.protocol.http.HttpURLConnection.getChainedException(HttpURLConnection.java:1920)
	at sun.net.www.protocol.http.HttpURLConnection.getInputStream0(HttpURLConnection.java:1490)
	at sun.net.www.protocol.http.HttpURLConnection.getInputStream(HttpURLConnection.java:1474)
	at java.net.HttpURLConnection.getResponseCode(HttpURLConnection.java:480)
	at sun.net.www.protocol.https.HttpsURLConnectionImpl.getResponseCode(HttpsURLConnectionImpl.java:338)
	at com.meterware.httpunit.HttpWebResponse.readResponseHeader(HttpWebResponse.java:201)
	at com.meterware.httpunit.HttpWebResponse.readHeaders(HttpWebResponse.java:239)
	at com.meterware.httpunit.HttpWebResponse.<init>(HttpWebResponse.java:57)
	at com.meterware.httpunit.HttpWebResponse.<init>(HttpWebResponse.java:68)
	at com.meterware.httpunit.WebConversation.newResponse(WebConversation.java:83)
	at com.meterware.httpunit.WebClient.createResponse(WebClient.java:647)
	at com.meterware.httpunit.WebWindow.getResource(WebWindow.java:220)
	at com.meterware.httpunit.WebWindow.getSubframeResponse(WebWindow.java:181)
	at com.meterware.httpunit.WebWindow.getResponse(WebWindow.java:158)
	at com.meterware.httpunit.WebWindow.updateWindow(WebWindow.java:199)
	at com.meterware.httpunit.WebWindow.getSubframeResponse(WebWindow.java:183)
	at com.meterware.httpunit.WebWindow.getResponse(WebWindow.java:158)
	at com.meterware.httpunit.WebClient.getResponse(WebClient.java:122)
	at com.gateside.autotesting.Gat.executor.InterfaceSingleStepExecutor.getResponse(InterfaceSingleStepExecutor.java:160)
	at com.gateside.autotesting.Gat.executor.InterfaceSingleStepExecutor.executeCase(InterfaceSingleStepExecutor.java:58)
	at com.gateside.autotesting.Gat.executor.CaseExecutor.execute(CaseExecutor.java:33)
	at com.gateside.autotesting.generation.unittest.Video_videoList.TestOptionalParametersOffsetMidId(Video_videoList.java:38)
Caused by: javax.net.ssl.SSLHandshakeException: java.security.cert.CertificateException: No subject alternative DNS name matching www.demo.com found.
	at sun.security.ssl.Alerts.getSSLException(Alerts.java:192)
	at sun.security.ssl.SSLSocketImpl.fatal(SSLSocketImpl.java:1949)
	at sun.security.ssl.Handshaker.fatalSE(Handshaker.java:302)
	at sun.security.ssl.Handshaker.fatalSE(Handshaker.java:296)
	at sun.security.ssl.ClientHandshaker.serverCertificate(ClientHandshaker.java:1509)
	at sun.security.ssl.ClientHandshaker.processMessage(ClientHandshaker.java:216)
	at sun.security.ssl.Handshaker.processLoop(Handshaker.java:979)
	at sun.security.ssl.Handshaker.process_record(Handshaker.java:914)
	at sun.security.ssl.SSLSocketImpl.readRecord(SSLSocketImpl.java:1062)
	at sun.security.ssl.SSLSocketImpl.performInitialHandshake(SSLSocketImpl.java:1375)
	at sun.security.ssl.SSLSocketImpl.startHandshake(SSLSocketImpl.java:1403)
	at sun.security.ssl.SSLSocketImpl.startHandshake(SSLSocketImpl.java:1387)
	at sun.net.www.protocol.https.HttpsClient.afterConnect(HttpsClient.java:559)
	at sun.net.www.protocol.https.AbstractDelegateHttpsURLConnection.connect(AbstractDelegateHttpsURLConnection.java:185)
	at sun.net.www.protocol.http.HttpURLConnection.getInputStream0(HttpURLConnection.java:1546)
	at sun.net.www.protocol.http.HttpURLConnection.getInputStream(HttpURLConnection.java:1474)
	at sun.net.www.protocol.http.HttpURLConnection.getHeaderFieldKey(HttpURLConnection.java:3035)
	at sun.net.www.protocol.https.HttpsURLConnectionImpl.getHeaderFieldKey(HttpsURLConnectionImpl.java:307)
	at com.meterware.httpunit.HttpWebResponse.loadHeaders(HttpWebResponse.java:255)
	at com.meterware.httpunit.HttpWebResponse.readHeaders(HttpWebResponse.java:237)
	... 39 more
Caused by: java.security.cert.CertificateException: No subject alternative DNS name matching www.demo.com found.
	at sun.security.util.HostnameChecker.matchDNS(HostnameChecker.java:204)
	at sun.security.util.HostnameChecker.match(HostnameChecker.java:95)
	at sun.security.ssl.X509TrustManagerImpl.checkIdentity(X509TrustManagerImpl.java:455)
	at sun.security.ssl.X509TrustManagerImpl.checkIdentity(X509TrustManagerImpl.java:436)
	at sun.security.ssl.X509TrustManagerImpl.checkTrusted(X509TrustManagerImpl.java:200)
	at sun.security.ssl.X509TrustManagerImpl.checkServerTrusted(X509TrustManagerImpl.java:124)
	at sun.security.ssl.ClientHandshaker.serverCertificate(ClientHandshaker.java:1491)
	... 54 more
... Removed 27 stack frames]]>
    </failure>
  </testcase> <!-- TestOptionalParametersOffsetMidId -->
  <testcase name="TestOptionalParametersOffsetType" time="0.903" classname="com.gateside.autotesting.generation.unittest.Video_videoList">
    <failure type="javax.net.ssl.SSLHandshakeException" message="java.security.cert.CertificateException: No subject alternative DNS name matching www.demo.com found.">
      <![CDATA[javax.net.ssl.SSLHandshakeException: java.security.cert.CertificateException: No subject alternative DNS name matching www.demo.com found.
	at sun.net.www.protocol.http.HttpURLConnection$10.run(HttpURLConnection.java:1926)
	at sun.net.www.protocol.http.HttpURLConnection$10.run(HttpURLConnection.java:1921)
	at java.security.AccessController.doPrivileged(Native Method)
	at sun.net.www.protocol.http.HttpURLConnection.getChainedException(HttpURLConnection.java:1920)
	at sun.net.www.protocol.http.HttpURLConnection.getInputStream0(HttpURLConnection.java:1490)
	at sun.net.www.protocol.http.HttpURLConnection.getInputStream(HttpURLConnection.java:1474)
	at java.net.HttpURLConnection.getResponseCode(HttpURLConnection.java:480)
	at sun.net.www.protocol.https.HttpsURLConnectionImpl.getResponseCode(HttpsURLConnectionImpl.java:338)
	at com.meterware.httpunit.HttpWebResponse.readResponseHeader(HttpWebResponse.java:201)
	at com.meterware.httpunit.HttpWebResponse.readHeaders(HttpWebResponse.java:239)
	at com.meterware.httpunit.HttpWebResponse.<init>(HttpWebResponse.java:57)
	at com.meterware.httpunit.HttpWebResponse.<init>(HttpWebResponse.java:68)
	at com.meterware.httpunit.WebConversation.newResponse(WebConversation.java:83)
	at com.meterware.httpunit.WebClient.createResponse(WebClient.java:647)
	at com.meterware.httpunit.WebWindow.getResource(WebWindow.java:220)
	at com.meterware.httpunit.WebWindow.getSubframeResponse(WebWindow.java:181)
	at com.meterware.httpunit.WebWindow.getResponse(WebWindow.java:158)
	at com.meterware.httpunit.WebWindow.updateWindow(WebWindow.java:199)
	at com.meterware.httpunit.WebWindow.getSubframeResponse(WebWindow.java:183)
	at com.meterware.httpunit.WebWindow.getResponse(WebWindow.java:158)
	at com.meterware.httpunit.WebClient.getResponse(WebClient.java:122)
	at com.gateside.autotesting.Gat.executor.InterfaceSingleStepExecutor.getResponse(InterfaceSingleStepExecutor.java:160)
	at com.gateside.autotesting.Gat.executor.InterfaceSingleStepExecutor.executeCase(InterfaceSingleStepExecutor.java:58)
	at com.gateside.autotesting.Gat.executor.CaseExecutor.execute(CaseExecutor.java:33)
	at com.gateside.autotesting.generation.unittest.Video_videoList.TestOptionalParametersOffsetType(Video_videoList.java:86)
Caused by: javax.net.ssl.SSLHandshakeException: java.security.cert.CertificateException: No subject alternative DNS name matching www.demo.com found.
	at sun.security.ssl.Alerts.getSSLException(Alerts.java:192)
	at sun.security.ssl.SSLSocketImpl.fatal(SSLSocketImpl.java:1949)
	at sun.security.ssl.Handshaker.fatalSE(Handshaker.java:302)
	at sun.security.ssl.Handshaker.fatalSE(Handshaker.java:296)
	at sun.security.ssl.ClientHandshaker.serverCertificate(ClientHandshaker.java:1509)
	at sun.security.ssl.ClientHandshaker.processMessage(ClientHandshaker.java:216)
	at sun.security.ssl.Handshaker.processLoop(Handshaker.java:979)
	at sun.security.ssl.Handshaker.process_record(Handshaker.java:914)
	at sun.security.ssl.SSLSocketImpl.readRecord(SSLSocketImpl.java:1062)
	at sun.security.ssl.SSLSocketImpl.performInitialHandshake(SSLSocketImpl.java:1375)
	at sun.security.ssl.SSLSocketImpl.startHandshake(SSLSocketImpl.java:1403)
	at sun.security.ssl.SSLSocketImpl.startHandshake(SSLSocketImpl.java:1387)
	at sun.net.www.protocol.https.HttpsClient.afterConnect(HttpsClient.java:559)
	at sun.net.www.protocol.https.AbstractDelegateHttpsURLConnection.connect(AbstractDelegateHttpsURLConnection.java:185)
	at sun.net.www.protocol.http.HttpURLConnection.getInputStream0(HttpURLConnection.java:1546)
	at sun.net.www.protocol.http.HttpURLConnection.getInputStream(HttpURLConnection.java:1474)
	at sun.net.www.protocol.http.HttpURLConnection.getHeaderFieldKey(HttpURLConnection.java:3035)
	at sun.net.www.protocol.https.HttpsURLConnectionImpl.getHeaderFieldKey(HttpsURLConnectionImpl.java:307)
	at com.meterware.httpunit.HttpWebResponse.loadHeaders(HttpWebResponse.java:255)
	at com.meterware.httpunit.HttpWebResponse.readHeaders(HttpWebResponse.java:237)
	... 39 more
Caused by: java.security.cert.CertificateException: No subject alternative DNS name matching www.demo.com found.
	at sun.security.util.HostnameChecker.matchDNS(HostnameChecker.java:204)
	at sun.security.util.HostnameChecker.match(HostnameChecker.java:95)
	at sun.security.ssl.X509TrustManagerImpl.checkIdentity(X509TrustManagerImpl.java:455)
	at sun.security.ssl.X509TrustManagerImpl.checkIdentity(X509TrustManagerImpl.java:436)
	at sun.security.ssl.X509TrustManagerImpl.checkTrusted(X509TrustManagerImpl.java:200)
	at sun.security.ssl.X509TrustManagerImpl.checkServerTrusted(X509TrustManagerImpl.java:124)
	at sun.security.ssl.ClientHandshaker.serverCertificate(ClientHandshaker.java:1491)
	... 54 more
... Removed 27 stack frames]]>
    </failure>
  </testcase> <!-- TestOptionalParametersOffsetType -->
  <testcase name="TestOptionalParametersOnlyTypeWithNoId" time="1.005" classname="com.gateside.autotesting.generation.unittest.Video_videoList">
    <failure type="javax.net.ssl.SSLHandshakeException" message="java.security.cert.CertificateException: No subject alternative DNS name matching www.demo.com found.">
      <![CDATA[javax.net.ssl.SSLHandshakeException: java.security.cert.CertificateException: No subject alternative DNS name matching www.demo.com found.
	at sun.net.www.protocol.http.HttpURLConnection$10.run(HttpURLConnection.java:1926)
	at sun.net.www.protocol.http.HttpURLConnection$10.run(HttpURLConnection.java:1921)
	at java.security.AccessController.doPrivileged(Native Method)
	at sun.net.www.protocol.http.HttpURLConnection.getChainedException(HttpURLConnection.java:1920)
	at sun.net.www.protocol.http.HttpURLConnection.getInputStream0(HttpURLConnection.java:1490)
	at sun.net.www.protocol.http.HttpURLConnection.getInputStream(HttpURLConnection.java:1474)
	at java.net.HttpURLConnection.getResponseCode(HttpURLConnection.java:480)
	at sun.net.www.protocol.https.HttpsURLConnectionImpl.getResponseCode(HttpsURLConnectionImpl.java:338)
	at com.meterware.httpunit.HttpWebResponse.readResponseHeader(HttpWebResponse.java:201)
	at com.meterware.httpunit.HttpWebResponse.readHeaders(HttpWebResponse.java:239)
	at com.meterware.httpunit.HttpWebResponse.<init>(HttpWebResponse.java:57)
	at com.meterware.httpunit.HttpWebResponse.<init>(HttpWebResponse.java:68)
	at com.meterware.httpunit.WebConversation.newResponse(WebConversation.java:83)
	at com.meterware.httpunit.WebClient.createResponse(WebClient.java:647)
	at com.meterware.httpunit.WebWindow.getResource(WebWindow.java:220)
	at com.meterware.httpunit.WebWindow.getSubframeResponse(WebWindow.java:181)
	at com.meterware.httpunit.WebWindow.getResponse(WebWindow.java:158)
	at com.meterware.httpunit.WebWindow.updateWindow(WebWindow.java:199)
	at com.meterware.httpunit.WebWindow.getSubframeResponse(WebWindow.java:183)
	at com.meterware.httpunit.WebWindow.getResponse(WebWindow.java:158)
	at com.meterware.httpunit.WebClient.getResponse(WebClient.java:122)
	at com.gateside.autotesting.Gat.executor.InterfaceSingleStepExecutor.getResponse(InterfaceSingleStepExecutor.java:160)
	at com.gateside.autotesting.Gat.executor.InterfaceSingleStepExecutor.executeCase(InterfaceSingleStepExecutor.java:58)
	at com.gateside.autotesting.Gat.executor.CaseExecutor.execute(CaseExecutor.java:33)
	at com.gateside.autotesting.generation.unittest.Video_videoList.TestOptionalParametersOnlyTypeWithNoId(Video_videoList.java:50)
Caused by: javax.net.ssl.SSLHandshakeException: java.security.cert.CertificateException: No subject alternative DNS name matching www.demo.com found.
	at sun.security.ssl.Alerts.getSSLException(Alerts.java:192)
	at sun.security.ssl.SSLSocketImpl.fatal(SSLSocketImpl.java:1949)
	at sun.security.ssl.Handshaker.fatalSE(Handshaker.java:302)
	at sun.security.ssl.Handshaker.fatalSE(Handshaker.java:296)
	at sun.security.ssl.ClientHandshaker.serverCertificate(ClientHandshaker.java:1509)
	at sun.security.ssl.ClientHandshaker.processMessage(ClientHandshaker.java:216)
	at sun.security.ssl.Handshaker.processLoop(Handshaker.java:979)
	at sun.security.ssl.Handshaker.process_record(Handshaker.java:914)
	at sun.security.ssl.SSLSocketImpl.readRecord(SSLSocketImpl.java:1062)
	at sun.security.ssl.SSLSocketImpl.performInitialHandshake(SSLSocketImpl.java:1375)
	at sun.security.ssl.SSLSocketImpl.startHandshake(SSLSocketImpl.java:1403)
	at sun.security.ssl.SSLSocketImpl.startHandshake(SSLSocketImpl.java:1387)
	at sun.net.www.protocol.https.HttpsClient.afterConnect(HttpsClient.java:559)
	at sun.net.www.protocol.https.AbstractDelegateHttpsURLConnection.connect(AbstractDelegateHttpsURLConnection.java:185)
	at sun.net.www.protocol.http.HttpURLConnection.getInputStream0(HttpURLConnection.java:1546)
	at sun.net.www.protocol.http.HttpURLConnection.getInputStream(HttpURLConnection.java:1474)
	at sun.net.www.protocol.http.HttpURLConnection.getHeaderFieldKey(HttpURLConnection.java:3035)
	at sun.net.www.protocol.https.HttpsURLConnectionImpl.getHeaderFieldKey(HttpsURLConnectionImpl.java:307)
	at com.meterware.httpunit.HttpWebResponse.loadHeaders(HttpWebResponse.java:255)
	at com.meterware.httpunit.HttpWebResponse.readHeaders(HttpWebResponse.java:237)
	... 39 more
Caused by: java.security.cert.CertificateException: No subject alternative DNS name matching www.demo.com found.
	at sun.security.util.HostnameChecker.matchDNS(HostnameChecker.java:204)
	at sun.security.util.HostnameChecker.match(HostnameChecker.java:95)
	at sun.security.ssl.X509TrustManagerImpl.checkIdentity(X509TrustManagerImpl.java:455)
	at sun.security.ssl.X509TrustManagerImpl.checkIdentity(X509TrustManagerImpl.java:436)
	at sun.security.ssl.X509TrustManagerImpl.checkTrusted(X509TrustManagerImpl.java:200)
	at sun.security.ssl.X509TrustManagerImpl.checkServerTrusted(X509TrustManagerImpl.java:124)
	at sun.security.ssl.ClientHandshaker.serverCertificate(ClientHandshaker.java:1491)
	... 54 more
... Removed 27 stack frames]]>
    </failure>
  </testcase> <!-- TestOptionalParametersOnlyTypeWithNoId -->
  <testcase name="TestOptionalParametersVideoIdAndOffsetFirstId" time="0.97" classname="com.gateside.autotesting.generation.unittest.Video_videoList">
    <failure type="javax.net.ssl.SSLHandshakeException" message="java.security.cert.CertificateException: No subject alternative DNS name matching www.demo.com found.">
      <![CDATA[javax.net.ssl.SSLHandshakeException: java.security.cert.CertificateException: No subject alternative DNS name matching www.demo.com found.
	at sun.net.www.protocol.http.HttpURLConnection$10.run(HttpURLConnection.java:1926)
	at sun.net.www.protocol.http.HttpURLConnection$10.run(HttpURLConnection.java:1921)
	at java.security.AccessController.doPrivileged(Native Method)
	at sun.net.www.protocol.http.HttpURLConnection.getChainedException(HttpURLConnection.java:1920)
	at sun.net.www.protocol.http.HttpURLConnection.getInputStream0(HttpURLConnection.java:1490)
	at sun.net.www.protocol.http.HttpURLConnection.getInputStream(HttpURLConnection.java:1474)
	at java.net.HttpURLConnection.getResponseCode(HttpURLConnection.java:480)
	at sun.net.www.protocol.https.HttpsURLConnectionImpl.getResponseCode(HttpsURLConnectionImpl.java:338)
	at com.meterware.httpunit.HttpWebResponse.readResponseHeader(HttpWebResponse.java:201)
	at com.meterware.httpunit.HttpWebResponse.readHeaders(HttpWebResponse.java:239)
	at com.meterware.httpunit.HttpWebResponse.<init>(HttpWebResponse.java:57)
	at com.meterware.httpunit.HttpWebResponse.<init>(HttpWebResponse.java:68)
	at com.meterware.httpunit.WebConversation.newResponse(WebConversation.java:83)
	at com.meterware.httpunit.WebClient.createResponse(WebClient.java:647)
	at com.meterware.httpunit.WebWindow.getResource(WebWindow.java:220)
	at com.meterware.httpunit.WebWindow.getSubframeResponse(WebWindow.java:181)
	at com.meterware.httpunit.WebWindow.getResponse(WebWindow.java:158)
	at com.meterware.httpunit.WebWindow.updateWindow(WebWindow.java:199)
	at com.meterware.httpunit.WebWindow.getSubframeResponse(WebWindow.java:183)
	at com.meterware.httpunit.WebWindow.getResponse(WebWindow.java:158)
	at com.meterware.httpunit.WebClient.getResponse(WebClient.java:122)
	at com.gateside.autotesting.Gat.executor.InterfaceSingleStepExecutor.getResponse(InterfaceSingleStepExecutor.java:160)
	at com.gateside.autotesting.Gat.executor.InterfaceSingleStepExecutor.executeCase(InterfaceSingleStepExecutor.java:58)
	at com.gateside.autotesting.Gat.executor.CaseExecutor.execute(CaseExecutor.java:33)
	at com.gateside.autotesting.generation.unittest.Video_videoList.TestOptionalParametersVideoIdAndOffsetFirstId(Video_videoList.java:68)
Caused by: javax.net.ssl.SSLHandshakeException: java.security.cert.CertificateException: No subject alternative DNS name matching www.demo.com found.
	at sun.security.ssl.Alerts.getSSLException(Alerts.java:192)
	at sun.security.ssl.SSLSocketImpl.fatal(SSLSocketImpl.java:1949)
	at sun.security.ssl.Handshaker.fatalSE(Handshaker.java:302)
	at sun.security.ssl.Handshaker.fatalSE(Handshaker.java:296)
	at sun.security.ssl.ClientHandshaker.serverCertificate(ClientHandshaker.java:1509)
	at sun.security.ssl.ClientHandshaker.processMessage(ClientHandshaker.java:216)
	at sun.security.ssl.Handshaker.processLoop(Handshaker.java:979)
	at sun.security.ssl.Handshaker.process_record(Handshaker.java:914)
	at sun.security.ssl.SSLSocketImpl.readRecord(SSLSocketImpl.java:1062)
	at sun.security.ssl.SSLSocketImpl.performInitialHandshake(SSLSocketImpl.java:1375)
	at sun.security.ssl.SSLSocketImpl.startHandshake(SSLSocketImpl.java:1403)
	at sun.security.ssl.SSLSocketImpl.startHandshake(SSLSocketImpl.java:1387)
	at sun.net.www.protocol.https.HttpsClient.afterConnect(HttpsClient.java:559)
	at sun.net.www.protocol.https.AbstractDelegateHttpsURLConnection.connect(AbstractDelegateHttpsURLConnection.java:185)
	at sun.net.www.protocol.http.HttpURLConnection.getInputStream0(HttpURLConnection.java:1546)
	at sun.net.www.protocol.http.HttpURLConnection.getInputStream(HttpURLConnection.java:1474)
	at sun.net.www.protocol.http.HttpURLConnection.getHeaderFieldKey(HttpURLConnection.java:3035)
	at sun.net.www.protocol.https.HttpsURLConnectionImpl.getHeaderFieldKey(HttpsURLConnectionImpl.java:307)
	at com.meterware.httpunit.HttpWebResponse.loadHeaders(HttpWebResponse.java:255)
	at com.meterware.httpunit.HttpWebResponse.readHeaders(HttpWebResponse.java:237)
	... 39 more
Caused by: java.security.cert.CertificateException: No subject alternative DNS name matching www.demo.com found.
	at sun.security.util.HostnameChecker.matchDNS(HostnameChecker.java:204)
	at sun.security.util.HostnameChecker.match(HostnameChecker.java:95)
	at sun.security.ssl.X509TrustManagerImpl.checkIdentity(X509TrustManagerImpl.java:455)
	at sun.security.ssl.X509TrustManagerImpl.checkIdentity(X509TrustManagerImpl.java:436)
	at sun.security.ssl.X509TrustManagerImpl.checkTrusted(X509TrustManagerImpl.java:200)
	at sun.security.ssl.X509TrustManagerImpl.checkServerTrusted(X509TrustManagerImpl.java:124)
	at sun.security.ssl.ClientHandshaker.serverCertificate(ClientHandshaker.java:1491)
	... 54 more
... Removed 27 stack frames]]>
    </failure>
  </testcase> <!-- TestOptionalParametersVideoIdAndOffsetFirstId -->
  <testcase name="TestOptionalParametersVideoIdAndTypeSpecial" time="1.076" classname="com.gateside.autotesting.generation.unittest.Video_videoList">
    <failure type="javax.net.ssl.SSLHandshakeException" message="java.security.cert.CertificateException: No subject alternative DNS name matching www.demo.com found.">
      <![CDATA[javax.net.ssl.SSLHandshakeException: java.security.cert.CertificateException: No subject alternative DNS name matching www.demo.com found.
	at sun.net.www.protocol.http.HttpURLConnection$10.run(HttpURLConnection.java:1926)
	at sun.net.www.protocol.http.HttpURLConnection$10.run(HttpURLConnection.java:1921)
	at java.security.AccessController.doPrivileged(Native Method)
	at sun.net.www.protocol.http.HttpURLConnection.getChainedException(HttpURLConnection.java:1920)
	at sun.net.www.protocol.http.HttpURLConnection.getInputStream0(HttpURLConnection.java:1490)
	at sun.net.www.protocol.http.HttpURLConnection.getInputStream(HttpURLConnection.java:1474)
	at java.net.HttpURLConnection.getResponseCode(HttpURLConnection.java:480)
	at sun.net.www.protocol.https.HttpsURLConnectionImpl.getResponseCode(HttpsURLConnectionImpl.java:338)
	at com.meterware.httpunit.HttpWebResponse.readResponseHeader(HttpWebResponse.java:201)
	at com.meterware.httpunit.HttpWebResponse.readHeaders(HttpWebResponse.java:239)
	at com.meterware.httpunit.HttpWebResponse.<init>(HttpWebResponse.java:57)
	at com.meterware.httpunit.HttpWebResponse.<init>(HttpWebResponse.java:68)
	at com.meterware.httpunit.WebConversation.newResponse(WebConversation.java:83)
	at com.meterware.httpunit.WebClient.createResponse(WebClient.java:647)
	at com.meterware.httpunit.WebWindow.getResource(WebWindow.java:220)
	at com.meterware.httpunit.WebWindow.getSubframeResponse(WebWindow.java:181)
	at com.meterware.httpunit.WebWindow.getResponse(WebWindow.java:158)
	at com.meterware.httpunit.WebWindow.updateWindow(WebWindow.java:199)
	at com.meterware.httpunit.WebWindow.getSubframeResponse(WebWindow.java:183)
	at com.meterware.httpunit.WebWindow.getResponse(WebWindow.java:158)
	at com.meterware.httpunit.WebClient.getResponse(WebClient.java:122)
	at com.gateside.autotesting.Gat.executor.InterfaceSingleStepExecutor.getResponse(InterfaceSingleStepExecutor.java:160)
	at com.gateside.autotesting.Gat.executor.InterfaceSingleStepExecutor.executeCase(InterfaceSingleStepExecutor.java:58)
	at com.gateside.autotesting.Gat.executor.CaseExecutor.execute(CaseExecutor.java:33)
	at com.gateside.autotesting.generation.unittest.Video_videoList.TestOptionalParametersVideoIdAndTypeSpecial(Video_videoList.java:44)
Caused by: javax.net.ssl.SSLHandshakeException: java.security.cert.CertificateException: No subject alternative DNS name matching www.demo.com found.
	at sun.security.ssl.Alerts.getSSLException(Alerts.java:192)
	at sun.security.ssl.SSLSocketImpl.fatal(SSLSocketImpl.java:1949)
	at sun.security.ssl.Handshaker.fatalSE(Handshaker.java:302)
	at sun.security.ssl.Handshaker.fatalSE(Handshaker.java:296)
	at sun.security.ssl.ClientHandshaker.serverCertificate(ClientHandshaker.java:1509)
	at sun.security.ssl.ClientHandshaker.processMessage(ClientHandshaker.java:216)
	at sun.security.ssl.Handshaker.processLoop(Handshaker.java:979)
	at sun.security.ssl.Handshaker.process_record(Handshaker.java:914)
	at sun.security.ssl.SSLSocketImpl.readRecord(SSLSocketImpl.java:1062)
	at sun.security.ssl.SSLSocketImpl.performInitialHandshake(SSLSocketImpl.java:1375)
	at sun.security.ssl.SSLSocketImpl.startHandshake(SSLSocketImpl.java:1403)
	at sun.security.ssl.SSLSocketImpl.startHandshake(SSLSocketImpl.java:1387)
	at sun.net.www.protocol.https.HttpsClient.afterConnect(HttpsClient.java:559)
	at sun.net.www.protocol.https.AbstractDelegateHttpsURLConnection.connect(AbstractDelegateHttpsURLConnection.java:185)
	at sun.net.www.protocol.http.HttpURLConnection.getInputStream0(HttpURLConnection.java:1546)
	at sun.net.www.protocol.http.HttpURLConnection.getInputStream(HttpURLConnection.java:1474)
	at sun.net.www.protocol.http.HttpURLConnection.getHeaderFieldKey(HttpURLConnection.java:3035)
	at sun.net.www.protocol.https.HttpsURLConnectionImpl.getHeaderFieldKey(HttpsURLConnectionImpl.java:307)
	at com.meterware.httpunit.HttpWebResponse.loadHeaders(HttpWebResponse.java:255)
	at com.meterware.httpunit.HttpWebResponse.readHeaders(HttpWebResponse.java:237)
	... 39 more
Caused by: java.security.cert.CertificateException: No subject alternative DNS name matching www.demo.com found.
	at sun.security.util.HostnameChecker.matchDNS(HostnameChecker.java:204)
	at sun.security.util.HostnameChecker.match(HostnameChecker.java:95)
	at sun.security.ssl.X509TrustManagerImpl.checkIdentity(X509TrustManagerImpl.java:455)
	at sun.security.ssl.X509TrustManagerImpl.checkIdentity(X509TrustManagerImpl.java:436)
	at sun.security.ssl.X509TrustManagerImpl.checkTrusted(X509TrustManagerImpl.java:200)
	at sun.security.ssl.X509TrustManagerImpl.checkServerTrusted(X509TrustManagerImpl.java:124)
	at sun.security.ssl.ClientHandshaker.serverCertificate(ClientHandshaker.java:1491)
	... 54 more
... Removed 27 stack frames]]>
    </failure>
  </testcase> <!-- TestOptionalParametersVideoIdAndTypeSpecial -->
  <testcase name="TestParametersEmpty" time="1.098" classname="com.gateside.autotesting.generation.unittest.Video_videoList">
    <failure type="javax.net.ssl.SSLHandshakeException" message="java.security.cert.CertificateException: No subject alternative DNS name matching www.demo.com found.">
      <![CDATA[javax.net.ssl.SSLHandshakeException: java.security.cert.CertificateException: No subject alternative DNS name matching www.demo.com found.
	at sun.net.www.protocol.http.HttpURLConnection$10.run(HttpURLConnection.java:1926)
	at sun.net.www.protocol.http.HttpURLConnection$10.run(HttpURLConnection.java:1921)
	at java.security.AccessController.doPrivileged(Native Method)
	at sun.net.www.protocol.http.HttpURLConnection.getChainedException(HttpURLConnection.java:1920)
	at sun.net.www.protocol.http.HttpURLConnection.getInputStream0(HttpURLConnection.java:1490)
	at sun.net.www.protocol.http.HttpURLConnection.getInputStream(HttpURLConnection.java:1474)
	at java.net.HttpURLConnection.getResponseCode(HttpURLConnection.java:480)
	at sun.net.www.protocol.https.HttpsURLConnectionImpl.getResponseCode(HttpsURLConnectionImpl.java:338)
	at com.meterware.httpunit.HttpWebResponse.readResponseHeader(HttpWebResponse.java:201)
	at com.meterware.httpunit.HttpWebResponse.readHeaders(HttpWebResponse.java:239)
	at com.meterware.httpunit.HttpWebResponse.<init>(HttpWebResponse.java:57)
	at com.meterware.httpunit.HttpWebResponse.<init>(HttpWebResponse.java:68)
	at com.meterware.httpunit.WebConversation.newResponse(WebConversation.java:83)
	at com.meterware.httpunit.WebClient.createResponse(WebClient.java:647)
	at com.meterware.httpunit.WebWindow.getResource(WebWindow.java:220)
	at com.meterware.httpunit.WebWindow.getSubframeResponse(WebWindow.java:181)
	at com.meterware.httpunit.WebWindow.getResponse(WebWindow.java:158)
	at com.meterware.httpunit.WebWindow.updateWindow(WebWindow.java:199)
	at com.meterware.httpunit.WebWindow.getSubframeResponse(WebWindow.java:183)
	at com.meterware.httpunit.WebWindow.getResponse(WebWindow.java:158)
	at com.meterware.httpunit.WebClient.getResponse(WebClient.java:122)
	at com.gateside.autotesting.Gat.executor.InterfaceSingleStepExecutor.getResponse(InterfaceSingleStepExecutor.java:160)
	at com.gateside.autotesting.Gat.executor.InterfaceSingleStepExecutor.executeCase(InterfaceSingleStepExecutor.java:58)
	at com.gateside.autotesting.Gat.executor.CaseExecutor.execute(CaseExecutor.java:33)
	at com.gateside.autotesting.generation.unittest.Video_videoList.TestParametersEmpty(Video_videoList.java:98)
Caused by: javax.net.ssl.SSLHandshakeException: java.security.cert.CertificateException: No subject alternative DNS name matching www.demo.com found.
	at sun.security.ssl.Alerts.getSSLException(Alerts.java:192)
	at sun.security.ssl.SSLSocketImpl.fatal(SSLSocketImpl.java:1949)
	at sun.security.ssl.Handshaker.fatalSE(Handshaker.java:302)
	at sun.security.ssl.Handshaker.fatalSE(Handshaker.java:296)
	at sun.security.ssl.ClientHandshaker.serverCertificate(ClientHandshaker.java:1509)
	at sun.security.ssl.ClientHandshaker.processMessage(ClientHandshaker.java:216)
	at sun.security.ssl.Handshaker.processLoop(Handshaker.java:979)
	at sun.security.ssl.Handshaker.process_record(Handshaker.java:914)
	at sun.security.ssl.SSLSocketImpl.readRecord(SSLSocketImpl.java:1062)
	at sun.security.ssl.SSLSocketImpl.performInitialHandshake(SSLSocketImpl.java:1375)
	at sun.security.ssl.SSLSocketImpl.startHandshake(SSLSocketImpl.java:1403)
	at sun.security.ssl.SSLSocketImpl.startHandshake(SSLSocketImpl.java:1387)
	at sun.net.www.protocol.https.HttpsClient.afterConnect(HttpsClient.java:559)
	at sun.net.www.protocol.https.AbstractDelegateHttpsURLConnection.connect(AbstractDelegateHttpsURLConnection.java:185)
	at sun.net.www.protocol.http.HttpURLConnection.getInputStream0(HttpURLConnection.java:1546)
	at sun.net.www.protocol.http.HttpURLConnection.getInputStream(HttpURLConnection.java:1474)
	at sun.net.www.protocol.http.HttpURLConnection.getHeaderFieldKey(HttpURLConnection.java:3035)
	at sun.net.www.protocol.https.HttpsURLConnectionImpl.getHeaderFieldKey(HttpsURLConnectionImpl.java:307)
	at com.meterware.httpunit.HttpWebResponse.loadHeaders(HttpWebResponse.java:255)
	at com.meterware.httpunit.HttpWebResponse.readHeaders(HttpWebResponse.java:237)
	... 39 more
Caused by: java.security.cert.CertificateException: No subject alternative DNS name matching www.demo.com found.
	at sun.security.util.HostnameChecker.matchDNS(HostnameChecker.java:204)
	at sun.security.util.HostnameChecker.match(HostnameChecker.java:95)
	at sun.security.ssl.X509TrustManagerImpl.checkIdentity(X509TrustManagerImpl.java:455)
	at sun.security.ssl.X509TrustManagerImpl.checkIdentity(X509TrustManagerImpl.java:436)
	at sun.security.ssl.X509TrustManagerImpl.checkTrusted(X509TrustManagerImpl.java:200)
	at sun.security.ssl.X509TrustManagerImpl.checkServerTrusted(X509TrustManagerImpl.java:124)
	at sun.security.ssl.ClientHandshaker.serverCertificate(ClientHandshaker.java:1491)
	... 54 more
... Removed 27 stack frames]]>
    </failure>
  </testcase> <!-- TestParametersEmpty -->
  <testcase name="TestRequiredParametersNull" time="1.044" classname="com.gateside.autotesting.generation.unittest.Video_videoList">
    <failure type="javax.net.ssl.SSLHandshakeException" message="java.security.cert.CertificateException: No subject alternative DNS name matching www.demo.com found.">
      <![CDATA[javax.net.ssl.SSLHandshakeException: java.security.cert.CertificateException: No subject alternative DNS name matching www.demo.com found.
	at sun.net.www.protocol.http.HttpURLConnection$10.run(HttpURLConnection.java:1926)
	at sun.net.www.protocol.http.HttpURLConnection$10.run(HttpURLConnection.java:1921)
	at java.security.AccessController.doPrivileged(Native Method)
	at sun.net.www.protocol.http.HttpURLConnection.getChainedException(HttpURLConnection.java:1920)
	at sun.net.www.protocol.http.HttpURLConnection.getInputStream0(HttpURLConnection.java:1490)
	at sun.net.www.protocol.http.HttpURLConnection.getInputStream(HttpURLConnection.java:1474)
	at java.net.HttpURLConnection.getResponseCode(HttpURLConnection.java:480)
	at sun.net.www.protocol.https.HttpsURLConnectionImpl.getResponseCode(HttpsURLConnectionImpl.java:338)
	at com.meterware.httpunit.HttpWebResponse.readResponseHeader(HttpWebResponse.java:201)
	at com.meterware.httpunit.HttpWebResponse.readHeaders(HttpWebResponse.java:239)
	at com.meterware.httpunit.HttpWebResponse.<init>(HttpWebResponse.java:57)
	at com.meterware.httpunit.HttpWebResponse.<init>(HttpWebResponse.java:68)
	at com.meterware.httpunit.WebConversation.newResponse(WebConversation.java:83)
	at com.meterware.httpunit.WebClient.createResponse(WebClient.java:647)
	at com.meterware.httpunit.WebWindow.getResource(WebWindow.java:220)
	at com.meterware.httpunit.WebWindow.getSubframeResponse(WebWindow.java:181)
	at com.meterware.httpunit.WebWindow.getResponse(WebWindow.java:158)
	at com.meterware.httpunit.WebWindow.updateWindow(WebWindow.java:199)
	at com.meterware.httpunit.WebWindow.getSubframeResponse(WebWindow.java:183)
	at com.meterware.httpunit.WebWindow.getResponse(WebWindow.java:158)
	at com.meterware.httpunit.WebClient.getResponse(WebClient.java:122)
	at com.gateside.autotesting.Gat.executor.InterfaceSingleStepExecutor.getResponse(InterfaceSingleStepExecutor.java:160)
	at com.gateside.autotesting.Gat.executor.InterfaceSingleStepExecutor.executeCase(InterfaceSingleStepExecutor.java:58)
	at com.gateside.autotesting.Gat.executor.CaseExecutor.execute(CaseExecutor.java:33)
	at com.gateside.autotesting.generation.unittest.Video_videoList.TestRequiredParametersNull(Video_videoList.java:56)
Caused by: javax.net.ssl.SSLHandshakeException: java.security.cert.CertificateException: No subject alternative DNS name matching www.demo.com found.
	at sun.security.ssl.Alerts.getSSLException(Alerts.java:192)
	at sun.security.ssl.SSLSocketImpl.fatal(SSLSocketImpl.java:1949)
	at sun.security.ssl.Handshaker.fatalSE(Handshaker.java:302)
	at sun.security.ssl.Handshaker.fatalSE(Handshaker.java:296)
	at sun.security.ssl.ClientHandshaker.serverCertificate(ClientHandshaker.java:1509)
	at sun.security.ssl.ClientHandshaker.processMessage(ClientHandshaker.java:216)
	at sun.security.ssl.Handshaker.processLoop(Handshaker.java:979)
	at sun.security.ssl.Handshaker.process_record(Handshaker.java:914)
	at sun.security.ssl.SSLSocketImpl.readRecord(SSLSocketImpl.java:1062)
	at sun.security.ssl.SSLSocketImpl.performInitialHandshake(SSLSocketImpl.java:1375)
	at sun.security.ssl.SSLSocketImpl.startHandshake(SSLSocketImpl.java:1403)
	at sun.security.ssl.SSLSocketImpl.startHandshake(SSLSocketImpl.java:1387)
	at sun.net.www.protocol.https.HttpsClient.afterConnect(HttpsClient.java:559)
	at sun.net.www.protocol.https.AbstractDelegateHttpsURLConnection.connect(AbstractDelegateHttpsURLConnection.java:185)
	at sun.net.www.protocol.http.HttpURLConnection.getInputStream0(HttpURLConnection.java:1546)
	at sun.net.www.protocol.http.HttpURLConnection.getInputStream(HttpURLConnection.java:1474)
	at sun.net.www.protocol.http.HttpURLConnection.getHeaderFieldKey(HttpURLConnection.java:3035)
	at sun.net.www.protocol.https.HttpsURLConnectionImpl.getHeaderFieldKey(HttpsURLConnectionImpl.java:307)
	at com.meterware.httpunit.HttpWebResponse.loadHeaders(HttpWebResponse.java:255)
	at com.meterware.httpunit.HttpWebResponse.readHeaders(HttpWebResponse.java:237)
	... 39 more
Caused by: java.security.cert.CertificateException: No subject alternative DNS name matching www.demo.com found.
	at sun.security.util.HostnameChecker.matchDNS(HostnameChecker.java:204)
	at sun.security.util.HostnameChecker.match(HostnameChecker.java:95)
	at sun.security.ssl.X509TrustManagerImpl.checkIdentity(X509TrustManagerImpl.java:455)
	at sun.security.ssl.X509TrustManagerImpl.checkIdentity(X509TrustManagerImpl.java:436)
	at sun.security.ssl.X509TrustManagerImpl.checkTrusted(X509TrustManagerImpl.java:200)
	at sun.security.ssl.X509TrustManagerImpl.checkServerTrusted(X509TrustManagerImpl.java:124)
	at sun.security.ssl.ClientHandshaker.serverCertificate(ClientHandshaker.java:1491)
	... 54 more
... Removed 27 stack frames]]>
    </failure>
  </testcase> <!-- TestRequiredParametersNull -->
  <testcase name="TestWindows" time="1.037" classname="com.gateside.autotesting.generation.unittest.Video_videoList">
    <failure type="javax.net.ssl.SSLHandshakeException" message="java.security.cert.CertificateException: No subject alternative DNS name matching www.demo.com found.">
      <![CDATA[javax.net.ssl.SSLHandshakeException: java.security.cert.CertificateException: No subject alternative DNS name matching www.demo.com found.
	at sun.net.www.protocol.http.HttpURLConnection$10.run(HttpURLConnection.java:1926)
	at sun.net.www.protocol.http.HttpURLConnection$10.run(HttpURLConnection.java:1921)
	at java.security.AccessController.doPrivileged(Native Method)
	at sun.net.www.protocol.http.HttpURLConnection.getChainedException(HttpURLConnection.java:1920)
	at sun.net.www.protocol.http.HttpURLConnection.getInputStream0(HttpURLConnection.java:1490)
	at sun.net.www.protocol.http.HttpURLConnection.getInputStream(HttpURLConnection.java:1474)
	at java.net.HttpURLConnection.getResponseCode(HttpURLConnection.java:480)
	at sun.net.www.protocol.https.HttpsURLConnectionImpl.getResponseCode(HttpsURLConnectionImpl.java:338)
	at com.meterware.httpunit.HttpWebResponse.readResponseHeader(HttpWebResponse.java:201)
	at com.meterware.httpunit.HttpWebResponse.readHeaders(HttpWebResponse.java:239)
	at com.meterware.httpunit.HttpWebResponse.<init>(HttpWebResponse.java:57)
	at com.meterware.httpunit.HttpWebResponse.<init>(HttpWebResponse.java:68)
	at com.meterware.httpunit.WebConversation.newResponse(WebConversation.java:83)
	at com.meterware.httpunit.WebClient.createResponse(WebClient.java:647)
	at com.meterware.httpunit.WebWindow.getResource(WebWindow.java:220)
	at com.meterware.httpunit.WebWindow.getSubframeResponse(WebWindow.java:181)
	at com.meterware.httpunit.WebWindow.getResponse(WebWindow.java:158)
	at com.meterware.httpunit.WebWindow.updateWindow(WebWindow.java:199)
	at com.meterware.httpunit.WebWindow.getSubframeResponse(WebWindow.java:183)
	at com.meterware.httpunit.WebWindow.getResponse(WebWindow.java:158)
	at com.meterware.httpunit.WebClient.getResponse(WebClient.java:122)
	at com.gateside.autotesting.Gat.executor.InterfaceSingleStepExecutor.getResponse(InterfaceSingleStepExecutor.java:160)
	at com.gateside.autotesting.Gat.executor.InterfaceSingleStepExecutor.executeCase(InterfaceSingleStepExecutor.java:58)
	at com.gateside.autotesting.Gat.executor.CaseExecutor.execute(CaseExecutor.java:33)
	at com.gateside.autotesting.generation.unittest.Video_videoList.TestWindows(Video_videoList.java:92)
Caused by: javax.net.ssl.SSLHandshakeException: java.security.cert.CertificateException: No subject alternative DNS name matching www.demo.com found.
	at sun.security.ssl.Alerts.getSSLException(Alerts.java:192)
	at sun.security.ssl.SSLSocketImpl.fatal(SSLSocketImpl.java:1949)
	at sun.security.ssl.Handshaker.fatalSE(Handshaker.java:302)
	at sun.security.ssl.Handshaker.fatalSE(Handshaker.java:296)
	at sun.security.ssl.ClientHandshaker.serverCertificate(ClientHandshaker.java:1509)
	at sun.security.ssl.ClientHandshaker.processMessage(ClientHandshaker.java:216)
	at sun.security.ssl.Handshaker.processLoop(Handshaker.java:979)
	at sun.security.ssl.Handshaker.process_record(Handshaker.java:914)
	at sun.security.ssl.SSLSocketImpl.readRecord(SSLSocketImpl.java:1062)
	at sun.security.ssl.SSLSocketImpl.performInitialHandshake(SSLSocketImpl.java:1375)
	at sun.security.ssl.SSLSocketImpl.startHandshake(SSLSocketImpl.java:1403)
	at sun.security.ssl.SSLSocketImpl.startHandshake(SSLSocketImpl.java:1387)
	at sun.net.www.protocol.https.HttpsClient.afterConnect(HttpsClient.java:559)
	at sun.net.www.protocol.https.AbstractDelegateHttpsURLConnection.connect(AbstractDelegateHttpsURLConnection.java:185)
	at sun.net.www.protocol.http.HttpURLConnection.getInputStream0(HttpURLConnection.java:1546)
	at sun.net.www.protocol.http.HttpURLConnection.getInputStream(HttpURLConnection.java:1474)
	at sun.net.www.protocol.http.HttpURLConnection.getHeaderFieldKey(HttpURLConnection.java:3035)
	at sun.net.www.protocol.https.HttpsURLConnectionImpl.getHeaderFieldKey(HttpsURLConnectionImpl.java:307)
	at com.meterware.httpunit.HttpWebResponse.loadHeaders(HttpWebResponse.java:255)
	at com.meterware.httpunit.HttpWebResponse.readHeaders(HttpWebResponse.java:237)
	... 39 more
Caused by: java.security.cert.CertificateException: No subject alternative DNS name matching www.demo.com found.
	at sun.security.util.HostnameChecker.matchDNS(HostnameChecker.java:204)
	at sun.security.util.HostnameChecker.match(HostnameChecker.java:95)
	at sun.security.ssl.X509TrustManagerImpl.checkIdentity(X509TrustManagerImpl.java:455)
	at sun.security.ssl.X509TrustManagerImpl.checkIdentity(X509TrustManagerImpl.java:436)
	at sun.security.ssl.X509TrustManagerImpl.checkTrusted(X509TrustManagerImpl.java:200)
	at sun.security.ssl.X509TrustManagerImpl.checkServerTrusted(X509TrustManagerImpl.java:124)
	at sun.security.ssl.ClientHandshaker.serverCertificate(ClientHandshaker.java:1491)
	... 54 more
... Removed 27 stack frames]]>
    </failure>
  </testcase> <!-- TestWindows -->
  <testcase name="RegisterGameUser_success" time="0.466" classname="com.baidu.gameqa.iat.steps.member_unittest.RegisterwithInviteCodeTestCase">
    <failure type="java.lang.NullPointerException">
      <![CDATA[java.lang.NullPointerException
	at com.gateside.autotesting.Gat.executor.CaseExecutor.invokeMethod(CaseExecutor.java:66)
	at com.gateside.autotesting.Gat.executor.InterfaceStepsExecutor.executeCase(InterfaceStepsExecutor.java:103)
	at com.gateside.autotesting.Gat.executor.CaseExecutor.execute(CaseExecutor.java:33)
	at com.baidu.gameqa.iat.steps.member_unittest.RegisterwithInviteCodeTestCase.RegisterGameUser_success(RegisterwithInviteCodeTestCase.java:26)
... Removed 24 stack frames]]>
    </failure>
  </testcase> <!-- RegisterGameUser_success -->
  <testcase name="TeamOperationStep" time="0.164" classname="com.lenovo.box.step.member_unittest.TeamTestCase">
    <failure type="java.lang.NullPointerException">
      <![CDATA[java.lang.NullPointerException
	at com.gateside.autotesting.Gat.executor.CaseExecutor.invokeMethod(CaseExecutor.java:66)
	at com.gateside.autotesting.Gat.executor.InterfaceStepsExecutor.executeCase(InterfaceStepsExecutor.java:103)
	at com.gateside.autotesting.Gat.executor.CaseExecutor.execute(CaseExecutor.java:33)
	at com.lenovo.box.step.member_unittest.TeamTestCase.TeamOperationStep(TeamTestCase.java:26)
... Removed 24 stack frames]]>
    </failure>
  </testcase> <!-- TeamOperationStep -->
</testsuite> <!-- Test -->
